<?xml version="1.0" encoding="UTF-8"?>
<testsuite name="ch.obergerichtzh.features.search.SearchByKeywordStory" tests="1" skipped="0" failures="0" errors="0" timestamp="2020-12-10T09:02:45" hostname="AlexandersAir2.fritz.box" time="18.427">
  <properties/>
  <testcase name="search_results_should_show_the_search_term_in_the_title" classname="ch.obergerichtzh.features.search.SearchByKeywordStory" time="18.427"/>
  <system-out><![CDATA[]]></system-out>
  <system-err><![CDATA[SLF4J: Failed to load class "org.slf4j.impl.StaticLoggerBinder".
SLF4J: Defaulting to no-operation (NOP) logger implementation
SLF4J: See http://www.slf4j.org/codes.html#StaticLoggerBinder for further details.
Starting ChromeDriver 83.0.4103.39 (ccbf011cb2d2b19b506d844400483861342c20cd-refs/branch-heads/4103@{#416}) on port 3734
Only local connections are allowed.
Please see https://chromedriver.chromium.org/security-considerations for suggestions on keeping ChromeDriver safe.
ChromeDriver was started successfully.
Dez. 10, 2020 10:02:52 AM org.openqa.selenium.remote.ProtocolHandshake createSession
INFO: Detected dialect: W3C
]]></system-err>
</testsuite>
